---------------------------------------------------------------------------------
      name:  <unnamed>
       log:  C:/Users/Dell/Documents/学习wos数据使用/outputs/baseline_did_sample.
> log
  log type:  text
 opened on:  30 May 2026, 23:55:55

. 
. * Import the balanced person-year panel created by scripts/clean_wos_sample.py.
. di as text "Importing person-year panel"
Importing person-year panel

. import delimited using "`out'/wos_author_year_panel_sample.csv", clear varnames
> (1) encoding("UTF-8")
(13 vars, 2,742,382 obs)

. 
. compress
  (0 bytes saved)

. destring school_id treated relo_year year post did pub_count cites_wos_core_sum
>  cites_all_db_sum, replace force
school_id already numeric; no replace
treated already numeric; no replace
relo_year already numeric; no replace
year already numeric; no replace
post already numeric; no replace
did already numeric; no replace
pub_count already numeric; no replace
cites_wos_core_sum already numeric; no replace
cites_all_db_sum already numeric; no replace

. 
. * Audit the estimation sample before running regressions.
. di as text "Sample checks"
Sample checks

. tab school_cn treated, missing

                   |        treated
         school_cn |         0          1 |     Total
-------------------+----------------------+----------
      东北农业大学 |   233,243          0 |   233,243 
      东北林业大学 |   191,084          0 |   191,084 
          东华大学 |         0    306,153 |   306,153 
      中国传媒大学 |    58,236          0 |    58,236 
      中央财经大学 |         0     47,403 |    47,403 
      中央音乐学院 |       575          0 |       575 
      北京理工大学 |         0    676,315 |   676,315 
      华东理工大学 |         0    327,221 |   327,221 
          广西大学 |   383,640          0 |   383,640 
          暨南大学 |         0    518,512 |   518,512 
-------------------+----------------------+----------
             Total |   866,778  1,875,604 | 2,742,382 

. tab year treated, missing

           |        treated
      year |         0          1 |     Total
-----------+----------------------+----------
      2000 |    37,686     81,548 |   119,234 
      2001 |    37,686     81,548 |   119,234 
      2002 |    37,686     81,548 |   119,234 
      2003 |    37,686     81,548 |   119,234 
      2004 |    37,686     81,548 |   119,234 
      2005 |    37,686     81,548 |   119,234 
      2006 |    37,686     81,548 |   119,234 
      2007 |    37,686     81,548 |   119,234 
      2008 |    37,686     81,548 |   119,234 
      2009 |    37,686     81,548 |   119,234 
      2010 |    37,686     81,548 |   119,234 
      2011 |    37,686     81,548 |   119,234 
      2012 |    37,686     81,548 |   119,234 
      2013 |    37,686     81,548 |   119,234 
      2014 |    37,686     81,548 |   119,234 
      2015 |    37,686     81,548 |   119,234 
      2016 |    37,686     81,548 |   119,234 
      2017 |    37,686     81,548 |   119,234 
      2018 |    37,686     81,548 |   119,234 
      2019 |    37,686     81,548 |   119,234 
      2020 |    37,686     81,548 |   119,234 
      2021 |    37,686     81,548 |   119,234 
      2022 |    37,686     81,548 |   119,234 
-----------+----------------------+----------
     Total |   866,778  1,875,604 | 2,742,382 

. tab treated post, missing

           |         post
   treated |         0          1 |     Total
-----------+----------------------+----------
         0 |   866,778          0 |   866,778 
         1 |   679,522  1,196,082 | 1,875,604 
-----------+----------------------+----------
     Total | 1,546,300  1,196,082 | 2,742,382 

. assert inrange(year, 2000, 2022)

. assert treated == 0 | treated == 1

. assert post == 0 if treated == 0

. assert did == treated * post

. 
. * Multi-period DID checks: each treated school should switch on in its own refo
> rm year.
. tab school_cn relo_year if treated == 1, missing

                   |                  relo_year
         school_cn |      2003       2007       2009       2014 |     Total
-------------------+--------------------------------------------+----------
          东华大学 |   306,153          0          0          0 |   306,153 
      中央财经大学 |         0          0     47,403          0 |    47,403 
      北京理工大学 |         0    676,315          0          0 |   676,315 
      华东理工大学 |         0    327,221          0          0 |   327,221 
          暨南大学 |         0          0          0    518,512 |   518,512 
-------------------+--------------------------------------------+----------
             Total |   306,153  1,003,536     47,403    518,512 | 1,875,604 

. tab year did if treated == 1, missing

           |          did
      year |         0          1 |     Total
-----------+----------------------+----------
      2000 |    81,548          0 |    81,548 
      2001 |    81,548          0 |    81,548 
      2002 |    81,548          0 |    81,548 
      2003 |    68,237     13,311 |    81,548 
      2004 |    68,237     13,311 |    81,548 
      2005 |    68,237     13,311 |    81,548 
      2006 |    68,237     13,311 |    81,548 
      2007 |    24,605     56,943 |    81,548 
      2008 |    24,605     56,943 |    81,548 
      2009 |    22,544     59,004 |    81,548 
      2010 |    22,544     59,004 |    81,548 
      2011 |    22,544     59,004 |    81,548 
      2012 |    22,544     59,004 |    81,548 
      2013 |    22,544     59,004 |    81,548 
      2014 |         0     81,548 |    81,548 
      2015 |         0     81,548 |    81,548 
      2016 |         0     81,548 |    81,548 
      2017 |         0     81,548 |    81,548 
      2018 |         0     81,548 |    81,548 
      2019 |         0     81,548 |    81,548 
      2020 |         0     81,548 |    81,548 
      2021 |         0     81,548 |    81,548 
      2022 |         0     81,548 |    81,548 
-----------+----------------------+----------
     Total |   679,522  1,196,082 | 1,875,604 

. 
. preserve

. collapse (mean) treated post did, by(school_cn year relo_year)

. list school_cn year relo_year treated post did if treated == 1 & inrange(year, 
> relo_year - 2, relo_year + 2), sepby(school_cn)

     +-------------------------------------------------------+
     |    school_cn   year   relo_y~r   treated   post   did |
     |-------------------------------------------------------|
 48. |     东华大学   2001       2003         1      0     0 |
 49. |     东华大学   2002       2003         1      0     0 |
 50. |     东华大学   2003       2003         1      1     1 |
 51. |     东华大学   2004       2003         1      1     1 |
 52. |     东华大学   2005       2003         1      1     1 |
     |-------------------------------------------------------|
100. | 中央财经大学   2007       2009         1      0     0 |
101. | 中央财经大学   2008       2009         1      0     0 |
102. | 中央财经大学   2009       2009         1      1     1 |
103. | 中央财经大学   2010       2009         1      1     1 |
104. | 中央财经大学   2011       2009         1      1     1 |
     |-------------------------------------------------------|
144. | 北京理工大学   2005       2007         1      0     0 |
145. | 北京理工大学   2006       2007         1      0     0 |
146. | 北京理工大学   2007       2007         1      1     1 |
147. | 北京理工大学   2008       2007         1      1     1 |
148. | 北京理工大学   2009       2007         1      1     1 |
     |-------------------------------------------------------|
167. | 华东理工大学   2005       2007         1      0     0 |
168. | 华东理工大学   2006       2007         1      0     0 |
169. | 华东理工大学   2007       2007         1      1     1 |
170. | 华东理工大学   2008       2007         1      1     1 |
171. | 华东理工大学   2009       2007         1      1     1 |
     |-------------------------------------------------------|
220. |     暨南大学   2012       2014         1      0     0 |
221. |     暨南大学   2013       2014         1      0     0 |
222. |     暨南大学   2014       2014         1      1     1 |
223. |     暨南大学   2015       2014         1      1     1 |
224. |     暨南大学   2016       2014         1      1     1 |
     +-------------------------------------------------------+

. restore

. 
. * Person-count diagnostics after Python filters outside-school coauthors.
. preserve

. keep school_cn school_id person_id

. duplicates drop

Duplicates in terms of all variables

(2,623,148 observations deleted)

. bysort school_cn: gen n_person = _N

. bysort school_cn: keep if _n == 1
(119,224 observations deleted)

. list school_cn n_person, clean

          school_cn   n_person  
  1.   东北农业大学      10141  
  2.   东北林业大学       8308  
  3.       东华大学      13311  
  4.   中国传媒大学       2532  
  5.   中央财经大学       2061  
  6.   中央音乐学院         25  
  7.   北京理工大学      29405  
  8.   华东理工大学      14227  
  9.       广西大学      16680  
 10.       暨南大学      22544  

. restore

. 
. preserve

. collapse (sum) total_pub = pub_count, by(school_cn person_id)

. sum total_pub, detail

                       (sum) pub_count
-------------------------------------------------------------
      Percentiles      Smallest
 1%            1              1
 5%            1              1
10%            1              1       Obs             119,234
25%            1              1       Sum of wgt.     119,234

50%            2                      Mean            5.14105
                        Largest       Std. dev.      14.02493
75%            4            559
90%           10            665       Variance       196.6986
95%           18            688       Skewness       13.59521
99%           58            689       Kurtosis       346.2402

. restore

. 
. * Panel identifier is school-person, not just person_id, because an ORCID can
. * appear under more than one school in this pilot sample.
. egen person_num = group(school_id person_id)

. xtset person_num year

Panel variable: person_num (strongly balanced)
 Time variable: year, 2000 to 2022
         Delta: 1 unit

. 
. * Mark treated-school authors who were already observed before their school ope
> ned
. * the same-city satellite campus. Controls remain in the robustness sample.
. gen pre_period = year < relo_year if treated == 1
(866,778 missing values generated)

. replace pre_period = 0 if treated == 0
(866,778 real changes made)

. bysort person_num: egen pre_pub_treated = total(pub_count * pre_period)

. gen incumbent_treated_author = 1

. replace incumbent_treated_author = 0 if treated == 1 & pre_pub_treated == 0
(1,735,212 real changes made)

. 
. label var pub_count "Publication count"

. label var cites_wos_core_sum "Times cited, WoS Core"

. label var cites_all_db_sum "Times cited, all databases"

. label var did "Treated x post"

. label var incumbent_treated_author "Treated-school author observed before refor
> m"

. 
. di as text "Small-sample warning: only 10 school clusters; coefficients are pip
> eline tests, not final inference."
Small-sample warning: only 10 school clusters; coefficients are pipeline tests, n
> ot final inference.

. 
. estimates clear

. 
. * Baseline DID: individual fixed effects via xtreg, calendar-year fixed effects
> ,
. * and school-clustered standard errors.
. xtreg pub_count did i.year, fe vce(cluster school_id)

Fixed-effects (within) regression               Number of obs     =  2,742,382
Group variable: person_num                      Number of groups  =    119,234

R-squared:                                      Obs per group:
     Within  = 0.0625                                         min =         23
     Between = 0.0023                                         avg =       23.0
     Overall = 0.0449                                         max =         23

                                                F(9, 9)           =          .
corr(u_i, Xb) = 0.0014                          Prob > F          =          .

                             (Std. err. adjusted for 10 clusters in school_id)
------------------------------------------------------------------------------
             |               Robust
   pub_count | Coefficient  std. err.      t    P>|t|     [95% conf. interval]
-------------+----------------------------------------------------------------
         did |   .0526355   .0263951     1.99   0.077    -.0070744    .1123453
             |
        year |
       2001  |   .0002348   .0000643     3.65   0.005     .0000894    .0003802
       2002  |   .0000671   .0000834     0.80   0.442    -.0001216    .0002558
       2003  |  -.0056664   .0064762    -0.87   0.404    -.0203167    .0089838
       2004  |  -.0052219   .0063382    -0.82   0.431      -.01956    .0091161
       2005  |  -.0045342   .0064294    -0.71   0.499    -.0190785    .0100101
       2006  |   .0088009   .0087952     1.00   0.343    -.0110951     .028697
       2007  |   .0098695   .0104507     0.94   0.370    -.0137716    .0335106
       2008  |   .0593856   .0140669     4.22   0.002     .0275639    .0912072
       2009  |   .0787384   .0234224     3.36   0.008     .0257534    .1317235
       2010  |   .0784617   .0166554     4.71   0.001     .0407846    .1161387
       2011  |   .1035803   .0211262     4.90   0.001     .0557895    .1513712
       2012  |   .1332028   .0264798     5.03   0.001     .0733013    .1931042
       2013  |    .172294   .0278282     6.19   0.000     .1093421    .2352458
       2014  |   .1960404   .0336641     5.82   0.000      .119887    .2721939
       2015  |   .2183327   .0355514     6.14   0.000     .1379099    .2987556
       2016  |   .2928668   .0303959     9.64   0.000     .2241066    .3616271
       2017  |   .3735317   .0510887     7.31   0.000     .2579611    .4891024
       2018  |   .4229975   .0464821     9.10   0.000     .3178477    .5281473
       2019  |   .5326642   .0485914    10.96   0.000     .4227428    .6425856
       2020  |   .5784481   .0419954    13.77   0.000      .483448    .6734483
       2021  |   .6605053   .0430776    15.33   0.000     .5630569    .7579536
       2022  |    .704008   .0436921    16.11   0.000     .6051695    .8028464
             |
       _cons |   .0001929   .0097764     0.02   0.985    -.0219229    .0223087
-------------+----------------------------------------------------------------
     sigma_u |  .60919753
     sigma_e |   .9442496
         rho |  .29390443   (fraction of variance due to u_i)
------------------------------------------------------------------------------

. estimates store m_pub

. 
. xtreg cites_wos_core_sum did i.year, fe vce(cluster school_id)

Fixed-effects (within) regression               Number of obs     =  2,742,382
Group variable: person_num                      Number of groups  =    119,234

R-squared:                                      Obs per group:
     Within  = 0.0115                                         min =         23
     Between = 0.0023                                         avg =       23.0
     Overall = 0.0091                                         max =         23

                                                F(9, 9)           =          .
corr(u_i, Xb) = 0.0026                          Prob > F          =          .

                             (Std. err. adjusted for 10 clusters in school_id)
------------------------------------------------------------------------------
             |               Robust
cites_wos_~m | Coefficient  std. err.      t    P>|t|     [95% conf. interval]
-------------+----------------------------------------------------------------
         did |   .7760542   .6955728     1.12   0.293    -.7974408    2.349549
             |
        year |
       2001  |   .0013335   .0011304     1.18   0.268    -.0012235    .0038905
       2002  |    .003296   .0024478     1.35   0.211    -.0022412    .0088333
       2003  |  -.0828124   .1046956    -0.79   0.449    -.3196503    .1540255
       2004  |  -.0695863    .098656    -0.71   0.498    -.2927618    .1535891
       2005  |  -.0588344    .095211    -0.62   0.552    -.2742167    .1565479
       2006  |  -.0355944   .0897964    -0.40   0.701     -.238728    .1675393
       2007  |  -.2385214   .3732884    -0.64   0.539    -1.082958    .6059157
       2008  |   .6407329   .4152425     1.54   0.157     -.298611    1.580077
       2009  |   1.042318   .4787242     2.18   0.057    -.0406317    2.125267
       2010  |   1.374412   .5495027     2.50   0.034      .131351    2.617474
       2011  |   1.857874   .7265347     2.56   0.031      .214338    3.501409
       2012  |   2.750086   1.007928     2.73   0.023     .4699939    5.030177
       2013  |   3.555351   .8847324     4.02   0.003     1.553947    5.556755
       2014  |   4.423993   1.082101     4.09   0.003      1.97611    6.871875
       2015  |     4.5662   1.038695     4.40   0.002     2.216508    6.915892
       2016  |   5.846565   .8993949     6.50   0.000     3.811992    7.881138
       2017  |   7.374728   1.371428     5.38   0.000     4.272342    10.47711
       2018  |   8.598431   1.264331     6.80   0.000     5.738315    11.45855
       2019  |   8.923993   1.077929     8.28   0.000     6.485548    11.36244
       2020  |    7.36167   .8647712     8.51   0.000     5.405421    9.317918
       2021  |   4.170734   .5701569     7.32   0.000      2.88095    5.460519
       2022  |   .7175833   .4090532     1.75   0.113    -.2077594    1.642926
             |
       _cons |   .0024741   .2519192     0.01   0.992    -.5674067     .572355
-------------+----------------------------------------------------------------
     sigma_u |  16.460432
     sigma_e |  30.238432
         rho |  .22858673   (fraction of variance due to u_i)
------------------------------------------------------------------------------

. estimates store m_cite_core

. 
. xtreg cites_all_db_sum did i.year, fe vce(cluster school_id)

Fixed-effects (within) regression               Number of obs     =  2,742,382
Group variable: person_num                      Number of groups  =    119,234

R-squared:                                      Obs per group:
     Within  = 0.0117                                         min =         23
     Between = 0.0022                                         avg =       23.0
     Overall = 0.0092                                         max =         23

                                                F(9, 9)           =          .
corr(u_i, Xb) = 0.0024                          Prob > F          =          .

                             (Std. err. adjusted for 10 clusters in school_id)
------------------------------------------------------------------------------
             |               Robust
cites_all_~m | Coefficient  std. err.      t    P>|t|     [95% conf. interval]
-------------+----------------------------------------------------------------
         did |   .7684388   .7308562     1.05   0.320    -.8848727     2.42175
             |
        year |
       2001  |   .0016019   .0013148     1.22   0.254    -.0013723    .0045761
       2002  |   .0033464   .0025279     1.32   0.218    -.0023721    .0090648
       2003  |  -.0816771   .1072896    -0.76   0.466     -.324383    .1610288
       2004  |  -.0680401   .1016761    -0.67   0.520    -.2980474    .1619672
       2005  |  -.0552501   .0984368    -0.56   0.588    -.2779297    .1674295
       2006  |  -.0303579   .0930759    -0.33   0.752    -.2409101    .1801944
       2007  |  -.2195365   .3884235    -0.57   0.586    -1.098212    .6591386
       2008  |   .7560997   .4322444     1.75   0.114    -.2217052    1.733905
       2009  |   1.187162   .5033818     2.36   0.043     .0484329     2.32589
       2010  |   1.542966   .5801628     2.66   0.026     .2305468    2.855386
       2011  |   2.054792   .7662187     2.68   0.025     .3214846    3.788099
       2012  |   2.974965   1.059983     2.81   0.020     .5771174    5.372814
       2013  |   3.862338   .9227806     4.19   0.002     1.774864    5.949813
       2014  |    4.76746   1.126694     4.23   0.002     2.218701    7.316219
       2015  |   4.908301   1.077243     4.56   0.001     2.471408    7.345194
       2016  |   6.228956   .9329438     6.68   0.000     4.118491    8.339421
       2017  |   7.799498   1.434162     5.44   0.000     4.555199     11.0438
       2018  |   9.033928   1.314712     6.87   0.000     6.059842    12.00801
       2019  |   9.322419   1.124181     8.29   0.000     6.779346    11.86549
       2020  |   7.646865   .9096188     8.41   0.000     5.589165    9.704566
       2021  |   4.267628   .6028467     7.08   0.000     2.903894    5.631362
       2022  |   .7272619   .4378913     1.66   0.131    -.2633171    1.717841
             |
       _cons |   .0027928   .2643733     0.01   0.992    -.5952612    .6008469
-------------+----------------------------------------------------------------
     sigma_u |  17.100481
     sigma_e |  31.286635
         rho |  .23002522   (fraction of variance due to u_i)
------------------------------------------------------------------------------

. estimates store m_cite_all

. 
. xtreg pub_count did i.year if incumbent_treated_author == 1, fe vce(cluster sch
> ool_id)

Fixed-effects (within) regression               Number of obs     =  1,007,170
Group variable: person_num                      Number of groups  =     43,790

R-squared:                                      Obs per group:
     Within  = 0.0626                                         min =         23
     Between = 0.0536                                         avg =       23.0
     Overall = 0.0515                                         max =         23

                                                F(9, 9)           =          .
corr(u_i, Xb) = 0.0301                          Prob > F          =          .

                             (Std. err. adjusted for 10 clusters in school_id)
------------------------------------------------------------------------------
             |               Robust
   pub_count | Coefficient  std. err.      t    P>|t|     [95% conf. interval]
-------------+----------------------------------------------------------------
         did |   .2877756    .172881     1.66   0.130    -.1033084    .6788597
             |
        year |
       2001  |   .0006394   .0004045     1.58   0.148    -.0002757    .0015545
       2002  |   .0001827   .0002584     0.71   0.498    -.0004019    .0007673
       2003  |    .000355   .0002696     1.32   0.220    -.0002548    .0009649
       2004  |   .0012913   .0007381     1.75   0.114    -.0003784     .002961
       2005  |   .0029584   .0016238     1.82   0.102    -.0007148    .0066316
       2006  |   .0360481   .0306912     1.17   0.270    -.0333802    .1054764
       2007  |   .0286451   .0137407     2.08   0.067    -.0024385    .0597287
       2008  |   .0893211   .0390734     2.29   0.048     .0009308    .1777113
       2009  |   .0984192   .0426727     2.31   0.047     .0018869    .1949516
       2010  |   .1145416   .0520587     2.20   0.055    -.0032233    .2323065
       2011  |   .1500064   .0714018     2.10   0.065    -.0115157    .3115284
       2012  |   .1911116    .092216     2.07   0.068    -.0174955    .3997188
       2013  |   .2664485   .0964332     2.76   0.022     .0483015    .4845955
       2014  |   .2456592   .0598922     4.10   0.003     .1101737    .3811448
       2015  |   .2640424   .0569073     4.64   0.001     .1353093    .3927756
       2016  |   .2997355   .0573797     5.22   0.001     .1699335    .4295375
       2017  |   .3360223   .0623855     5.39   0.000     .1948965    .4771482
       2018  |   .3889339    .054697     7.11   0.000     .2652008    .5126671
       2019  |   .5000095   .0574831     8.70   0.000     .3699738    .6300453
       2020  |   .5629234   .0488718    11.52   0.000     .4523677    .6734792
       2021  |    .678041   .0366198    18.52   0.000     .5952012    .7608808
       2022  |   .7556387   .0446792    16.91   0.000     .6545674      .85671
             |
       _cons |   .0005252   .0285678     0.02   0.986    -.0640997    .0651502
-------------+----------------------------------------------------------------
     sigma_u |  .65806406
     sigma_e |  .96714573
         rho |  .31645881   (fraction of variance due to u_i)
------------------------------------------------------------------------------

. estimates store m_pub_incumbent

. 
. estimates table m_pub m_cite_core m_cite_all m_pub_incumbent, b(%9.4f) se(%9.4f
> ) stats(N r2_w)

--------------------------------------------------------------
    Variable |   m_pub     m_cite_~e   m_cite_~l   m_pub_i~t  
-------------+------------------------------------------------
         did |    0.0526      0.7761      0.7684      0.2878  
             |    0.0264      0.6956      0.7309      0.1729  
             |
        year |
       2001  |    0.0002      0.0013      0.0016      0.0006  
             |    0.0001      0.0011      0.0013      0.0004  
       2002  |    0.0001      0.0033      0.0033      0.0002  
             |    0.0001      0.0024      0.0025      0.0003  
       2003  |   -0.0057     -0.0828     -0.0817      0.0004  
             |    0.0065      0.1047      0.1073      0.0003  
       2004  |   -0.0052     -0.0696     -0.0680      0.0013  
             |    0.0063      0.0987      0.1017      0.0007  
       2005  |   -0.0045     -0.0588     -0.0553      0.0030  
             |    0.0064      0.0952      0.0984      0.0016  
       2006  |    0.0088     -0.0356     -0.0304      0.0360  
             |    0.0088      0.0898      0.0931      0.0307  
       2007  |    0.0099     -0.2385     -0.2195      0.0286  
             |    0.0105      0.3733      0.3884      0.0137  
       2008  |    0.0594      0.6407      0.7561      0.0893  
             |    0.0141      0.4152      0.4322      0.0391  
       2009  |    0.0787      1.0423      1.1872      0.0984  
             |    0.0234      0.4787      0.5034      0.0427  
       2010  |    0.0785      1.3744      1.5430      0.1145  
             |    0.0167      0.5495      0.5802      0.0521  
       2011  |    0.1036      1.8579      2.0548      0.1500  
             |    0.0211      0.7265      0.7662      0.0714  
       2012  |    0.1332      2.7501      2.9750      0.1911  
             |    0.0265      1.0079      1.0600      0.0922  
       2013  |    0.1723      3.5554      3.8623      0.2664  
             |    0.0278      0.8847      0.9228      0.0964  
       2014  |    0.1960      4.4240      4.7675      0.2457  
             |    0.0337      1.0821      1.1267      0.0599  
       2015  |    0.2183      4.5662      4.9083      0.2640  
             |    0.0356      1.0387      1.0772      0.0569  
       2016  |    0.2929      5.8466      6.2290      0.2997  
             |    0.0304      0.8994      0.9329      0.0574  
       2017  |    0.3735      7.3747      7.7995      0.3360  
             |    0.0511      1.3714      1.4342      0.0624  
       2018  |    0.4230      8.5984      9.0339      0.3889  
             |    0.0465      1.2643      1.3147      0.0547  
       2019  |    0.5327      8.9240      9.3224      0.5000  
             |    0.0486      1.0779      1.1242      0.0575  
       2020  |    0.5784      7.3617      7.6469      0.5629  
             |    0.0420      0.8648      0.9096      0.0489  
       2021  |    0.6605      4.1707      4.2676      0.6780  
             |    0.0431      0.5702      0.6028      0.0366  
       2022  |    0.7040      0.7176      0.7273      0.7556  
             |    0.0437      0.4091      0.4379      0.0447  
             |
       _cons |    0.0002      0.0025      0.0028      0.0005  
             |    0.0098      0.2519      0.2644      0.0286  
-------------+------------------------------------------------
           N |   2742382     2742382     2742382     1007170  
        r2_w |    0.0625      0.0115      0.0117      0.0626  
--------------------------------------------------------------
                                                  Legend: b/se

. 
. * Save the imported/checked Stata panel for follow-up diagnostics.
. save "`out'/wos_author_year_panel_sample.dta", replace
file
    C:/Users/Dell/Documents/学习wos数据使用/outputs/wos_author_year_panel_sampl
    > e.dta saved

. 
. log close
      name:  <unnamed>
       log:  C:/Users/Dell/Documents/学习wos数据使用/outputs/baseline_did_sample.
> log
  log type:  text
 closed on:  30 May 2026, 23:58:22
---------------------------------------------------------------------------------
