---------------------------------------------------------------------------------
      name:  <unnamed>
       log:  C:/Users/Dell/Documents/学习wos数据使用/outputs/drop_central_music_s
> ensitivity.log
  log type:  text
 opened on:  31 May 2026, 13:26:09

. 
. use "`out'/wos_author_year_panel_sample.dta", clear

. 
. di as text "Dropping Central Conservatory of Music from the strict-control samp
> le"
Dropping Central Conservatory of Music from the strict-control sample

. drop if school_cn == "中央音乐学院"
(575 observations deleted)

. 
. di as text "Sample checks after dropping Central Conservatory of Music"
Sample checks after dropping Central Conservatory of Music

. tab school_cn treated, missing

                   |        treated
         school_cn |         0          1 |     Total
-------------------+----------------------+----------
      东北农业大学 |   233,243          0 |   233,243 
      东北林业大学 |   191,084          0 |   191,084 
          东华大学 |         0    306,153 |   306,153 
      中国传媒大学 |    58,236          0 |    58,236 
      中央财经大学 |         0     47,403 |    47,403 
      北京理工大学 |         0    676,315 |   676,315 
      华东理工大学 |         0    327,221 |   327,221 
          广西大学 |   383,640          0 |   383,640 
          暨南大学 |         0    518,512 |   518,512 
-------------------+----------------------+----------
             Total |   866,203  1,875,604 | 2,741,807 

. tab year treated, missing

           |        treated
      year |         0          1 |     Total
-----------+----------------------+----------
      2000 |    37,661     81,548 |   119,209 
      2001 |    37,661     81,548 |   119,209 
      2002 |    37,661     81,548 |   119,209 
      2003 |    37,661     81,548 |   119,209 
      2004 |    37,661     81,548 |   119,209 
      2005 |    37,661     81,548 |   119,209 
      2006 |    37,661     81,548 |   119,209 
      2007 |    37,661     81,548 |   119,209 
      2008 |    37,661     81,548 |   119,209 
      2009 |    37,661     81,548 |   119,209 
      2010 |    37,661     81,548 |   119,209 
      2011 |    37,661     81,548 |   119,209 
      2012 |    37,661     81,548 |   119,209 
      2013 |    37,661     81,548 |   119,209 
      2014 |    37,661     81,548 |   119,209 
      2015 |    37,661     81,548 |   119,209 
      2016 |    37,661     81,548 |   119,209 
      2017 |    37,661     81,548 |   119,209 
      2018 |    37,661     81,548 |   119,209 
      2019 |    37,661     81,548 |   119,209 
      2020 |    37,661     81,548 |   119,209 
      2021 |    37,661     81,548 |   119,209 
      2022 |    37,661     81,548 |   119,209 
-----------+----------------------+----------
     Total |   866,203  1,875,604 | 2,741,807 

. tab treated post, missing

           |         post
   treated |         0          1 |     Total
-----------+----------------------+----------
         0 |   866,203          0 |   866,203 
         1 |   679,522  1,196,082 | 1,875,604 
-----------+----------------------+----------
     Total | 1,545,725  1,196,082 | 2,741,807 

. assert inrange(year, 2000, 2022)

. assert treated == 0 | treated == 1

. assert post == 0 if treated == 0

. assert did == treated * post

. 
. preserve

. keep school_cn school_id person_id

. duplicates drop

Duplicates in terms of all variables

(2,622,598 observations deleted)

. bysort school_cn: gen n_person = _N

. bysort school_cn: keep if _n == 1
(119,200 observations deleted)

. list school_cn n_person, clean

          school_cn   n_person  
  1.   东北农业大学      10141  
  2.   东北林业大学       8308  
  3.       东华大学      13311  
  4.   中国传媒大学       2532  
  5.   中央财经大学       2061  
  6.   北京理工大学      29405  
  7.   华东理工大学      14227  
  8.       广西大学      16680  
  9.       暨南大学      22544  

. restore

. 
. estimates clear

. 
. xtreg pub_count did i.year, fe vce(cluster school_id)

Fixed-effects (within) regression               Number of obs     =  2,741,807
Group variable: person_num                      Number of groups  =    119,209

R-squared:                                      Obs per group:
     Within  = 0.0625                                         min =         23
     Between = 0.0023                                         avg =       23.0
     Overall = 0.0449                                         max =         23

                                                F(8, 8)           =          .
corr(u_i, Xb) = 0.0014                          Prob > F          =          .

                              (Std. err. adjusted for 9 clusters in school_id)
------------------------------------------------------------------------------
             |               Robust
   pub_count | Coefficient  std. err.      t    P>|t|     [95% conf. interval]
-------------+----------------------------------------------------------------
         did |   .0525374    .026576     1.98   0.083     -.008747    .1138217
             |
        year |
       2001  |   .0002349   .0000647     3.63   0.007     .0000857     .000384
       2002  |   .0000671    .000084     0.80   0.447    -.0001265    .0002608
       2003  |  -.0056734   .0065096    -0.87   0.409    -.0206846    .0093377
       2004  |  -.0052121   .0063703    -0.82   0.437    -.0199021     .009478
       2005  |  -.0045242   .0064621    -0.70   0.504    -.0194257    .0103773
       2006  |   .0088137   .0088446     1.00   0.348    -.0115819    .0292094
       2007  |     .00991    .010517     0.94   0.374    -.0143423    .0341624
       2008  |   .0594449   .0141664     4.20   0.003     .0267771    .0921127
       2009  |   .0788035   .0235785     3.34   0.010     .0244314    .1331756
       2010  |   .0785267   .0167661     4.68   0.002      .039864    .1171894
       2011  |   .1036506   .0212608     4.88   0.001     .0546231    .1526781
       2012  |   .1332709   .0266512     5.00   0.001     .0718131    .1947286
       2013  |   .1723703   .0280081     6.15   0.000     .1077835     .236957
       2014  |   .1961403   .0338903     5.79   0.000     .1179891    .2742914
       2015  |   .2184372   .0357894     6.10   0.000     .1359066    .3009678
       2016  |   .2929786   .0306179     9.57   0.000     .2223735    .3635837
       2017  |   .3736604   .0514425     7.26   0.000     .2550338     .492287
       2018  |   .4231114   .0468046     9.04   0.000     .3151798    .5310429
       2019  |    .532843   .0489239    10.89   0.000     .4200243    .6456617
       2020  |    .578603   .0422815    13.68   0.000     .4811016    .6761044
       2021  |   .6606857     .04336    15.24   0.000     .5606975    .7606739
       2022  |   .7041388   .0439688    16.01   0.000     .6027466     .805531
             |
       _cons |   .0001929   .0098426     0.02   0.985    -.0225043    .0228901
-------------+----------------------------------------------------------------
     sigma_u |  .60925818
     sigma_e |  .94433568
         rho |  .29390792   (fraction of variance due to u_i)
------------------------------------------------------------------------------

. estimates store m_pub

. 
. xtreg cites_wos_core_sum did i.year, fe vce(cluster school_id)

Fixed-effects (within) regression               Number of obs     =  2,741,807
Group variable: person_num                      Number of groups  =    119,209

R-squared:                                      Obs per group:
     Within  = 0.0115                                         min =         23
     Between = 0.0023                                         avg =       23.0
     Overall = 0.0091                                         max =         23

                                                F(8, 8)           =          .
corr(u_i, Xb) = 0.0025                          Prob > F          =          .

                              (Std. err. adjusted for 9 clusters in school_id)
------------------------------------------------------------------------------
             |               Robust
cites_wos_~m | Coefficient  std. err.      t    P>|t|     [95% conf. interval]
-------------+----------------------------------------------------------------
         did |   .7745526   .7002636     1.11   0.301    -.8402581    2.389363
             |
        year |
       2001  |   .0013338   .0011376     1.17   0.275    -.0012895    .0039571
       2002  |   .0032967   .0024636     1.34   0.218    -.0023843    .0089778
       2003  |  -.0826705   .1052786    -0.79   0.455    -.3254434    .1601023
       2004  |  -.0694333   .0992134    -0.70   0.504    -.2982199    .1593533
       2005  |   -.058679   .0957566    -0.61   0.557    -.2794941     .162136
       2006  |  -.0354342   .0903126    -0.39   0.705    -.2436954     .172827
       2007  |  -.2378541    .375649    -0.63   0.544    -1.104102    .6283941
       2008  |   .6415845   .4179449     1.54   0.163    -.3221982    1.605367
       2009  |   1.043279   .4819255     2.16   0.062    -.0680428    2.154602
       2010  |   1.375444    .553187     2.49   0.038     .0997925    2.651095
       2011  |   1.859006   .7313703     2.54   0.035     .1724635    3.545549
       2012  |   2.751347   1.014488     2.71   0.027     .4119334     5.09076
       2013  |    3.55684   .8905312     3.99   0.004     1.503271    5.610408
       2014  |   4.425847   1.089317     4.06   0.004     1.913877    6.937816
       2015  |   4.568135   1.045613     4.37   0.002     2.156947    6.979322
       2016  |   5.848818   .9056079     6.46   0.000     3.760483    7.937154
       2017  |   7.377294   1.380682     5.34   0.001     4.193435    10.56115
       2018  |   8.600054   1.272933     6.76   0.000     5.664664    11.53544
       2019  |   8.926891   1.085233     8.23   0.000      6.42434    11.42944
       2020  |   7.364207    .870666     8.46   0.000     5.356448    9.371967
       2021  |   4.172519   .5740947     7.27   0.000     2.848654    5.496383
       2022  |   .7187023    .411943     1.74   0.119      -.23124    1.668645
             |
       _cons |   .0024746   .2536327     0.01   0.992    -.5824034    .5873527
-------------+----------------------------------------------------------------
     sigma_u |  16.462135
     sigma_e |  30.241547
         rho |   .2285869   (fraction of variance due to u_i)
------------------------------------------------------------------------------

. estimates store m_cite_core

. 
. xtreg cites_all_db_sum did i.year, fe vce(cluster school_id)

Fixed-effects (within) regression               Number of obs     =  2,741,807
Group variable: person_num                      Number of groups  =    119,209

R-squared:                                      Obs per group:
     Within  = 0.0117                                         min =         23
     Between = 0.0021                                         avg =       23.0
     Overall = 0.0092                                         max =         23

                                                F(8, 8)           =          .
corr(u_i, Xb) = 0.0024                          Prob > F          =          .

                              (Std. err. adjusted for 9 clusters in school_id)
------------------------------------------------------------------------------
             |               Robust
cites_all_~m | Coefficient  std. err.      t    P>|t|     [95% conf. interval]
-------------+----------------------------------------------------------------
         did |    .766881   .7357754     1.04   0.328    -.9298202    2.463582
             |
        year |
       2001  |   .0016022   .0013232     1.21   0.260     -.001449    .0046535
       2002  |   .0033471   .0025442     1.32   0.225    -.0025199     .009214
       2003  |  -.0815287   .1078903    -0.76   0.472    -.3303241    .1672667
       2004  |  -.0678804   .1022549    -0.66   0.525    -.3036806    .1679198
       2005  |  -.0550877   .0990045    -0.56   0.593    -.2833925     .173217
       2006  |  -.0301903   .0936151    -0.32   0.755     -.246067    .1856864
       2007  |  -.2188384   .3908836    -0.56   0.591    -1.120218    .6825409
       2008  |   .7570024   .4350574     1.74   0.120    -.2462418    1.760247
       2009  |   1.188182    .506746     2.34   0.047     .0196234     2.35674
       2010  |   1.544061   .5840451     2.64   0.030     .1972506    2.890871
       2011  |   2.055994   .7713093     2.67   0.029     .2773513    3.834636
       2012  |   2.976302   1.066872     2.79   0.024     .5160898    5.436514
       2013  |   3.863919   .9288167     4.16   0.003     1.722064    6.005774
       2014  |   4.769425   1.134198     4.21   0.003      2.15396     7.38489
       2015  |   4.910346   1.084409     4.53   0.002     2.409694    7.410997
       2016  |   6.231328   .9393845     6.63   0.000     4.065104    8.397553
       2017  |   7.802191   1.443834     5.40   0.001     4.472705    11.13168
       2018  |   9.035445   1.323663     6.83   0.000     5.983074    12.08782
       2019  |    9.32544   1.131796     8.24   0.000     6.715515    11.93537
       2020  |   7.649493   .9158116     8.35   0.000     5.537627    9.761358
       2021  |   4.269463   .6070014     7.03   0.000     2.869715    5.669211
       2022  |   .7284214   .4409748     1.65   0.137    -.2884684    1.745311
             |
       _cons |   .0027934   .2661659     0.01   0.992    -.6109864    .6165732
-------------+----------------------------------------------------------------
     sigma_u |  17.102249
     sigma_e |  31.289848
         rho |  .23002546   (fraction of variance due to u_i)
------------------------------------------------------------------------------

. estimates store m_cite_all

. 
. xtreg pub_count did i.year if incumbent_treated_author == 1, fe vce(cluster sch
> ool_id)

Fixed-effects (within) regression               Number of obs     =  1,006,595
Group variable: person_num                      Number of groups  =     43,765

R-squared:                                      Obs per group:
     Within  = 0.0626                                         min =         23
     Between = 0.0535                                         avg =       23.0
     Overall = 0.0515                                         max =         23

                                                F(8, 8)           =          .
corr(u_i, Xb) = 0.0301                          Prob > F          =          .

                              (Std. err. adjusted for 9 clusters in school_id)
------------------------------------------------------------------------------
             |               Robust
   pub_count | Coefficient  std. err.      t    P>|t|     [95% conf. interval]
-------------+----------------------------------------------------------------
         did |   .2876036    .173971     1.65   0.137    -.1135743    .6887815
             |
        year |
       2001  |   .0006398   .0004074     1.57   0.155    -.0002997    .0015792
       2002  |   .0001828   .0002602     0.70   0.502    -.0004173    .0007829
       2003  |   .0003096   .0002528     1.22   0.256    -.0002734    .0008925
       2004  |   .0012921   .0007434     1.74   0.120    -.0004222    .0030064
       2005  |   .0029601   .0016353     1.81   0.108    -.0008108     .006731
       2006  |   .0360687   .0309056     1.17   0.277    -.0351997    .1073372
       2007  |   .0286417   .0138362     2.07   0.072    -.0032646    .0605481
       2008  |   .0893752   .0393529     2.27   0.053    -.0013727    .1801231
       2009  |   .0984792   .0429754     2.29   0.051    -.0006224    .1975807
       2010  |   .1146108   .0524267     2.19   0.060    -.0062853    .2355069
       2011  |   .1500957   .0719011     2.09   0.070    -.0157086    .3159001
       2012  |   .1912017   .0928581     2.06   0.073    -.0229295    .4053328
       2013  |   .2665815   .0971174     2.74   0.025     .0426283    .4905347
       2014  |   .2458007    .060358     4.07   0.004     .1066149    .3849865
       2015  |   .2641944   .0573566     4.61   0.002     .1319299    .3964589
       2016  |    .299885   .0578323     5.19   0.001     .1665235    .4332465
       2017  |   .3361926   .0628739     5.35   0.001     .1912051      .48118
       2018  |   .3890659   .0551127     7.06   0.000     .2619757     .516156
       2019  |   .5003192   .0579401     8.64   0.000     .3667091    .6339292
       2020  |   .5631776    .049239    11.44   0.000     .4496323    .6767229
       2021  |   .6783838   .0368308    18.42   0.000     .5934519    .7633157
       2022  |   .7558658   .0449212    16.83   0.000     .6522773    .8594543
             |
       _cons |   .0005255   .0287924     0.02   0.986    -.0658698    .0669209
-------------+----------------------------------------------------------------
     sigma_u |  .65824437
     sigma_e |  .96738806
         rho |  .31646895   (fraction of variance due to u_i)
------------------------------------------------------------------------------

. estimates store m_pub_incumbent

. 
. estimates table m_pub m_cite_core m_cite_all m_pub_incumbent, b(%9.4f) se(%9.4f
> ) stats(N r2_w)

--------------------------------------------------------------
    Variable |   m_pub     m_cite_~e   m_cite_~l   m_pub_i~t  
-------------+------------------------------------------------
         did |    0.0525      0.7746      0.7669      0.2876  
             |    0.0266      0.7003      0.7358      0.1740  
             |
        year |
       2001  |    0.0002      0.0013      0.0016      0.0006  
             |    0.0001      0.0011      0.0013      0.0004  
       2002  |    0.0001      0.0033      0.0033      0.0002  
             |    0.0001      0.0025      0.0025      0.0003  
       2003  |   -0.0057     -0.0827     -0.0815      0.0003  
             |    0.0065      0.1053      0.1079      0.0003  
       2004  |   -0.0052     -0.0694     -0.0679      0.0013  
             |    0.0064      0.0992      0.1023      0.0007  
       2005  |   -0.0045     -0.0587     -0.0551      0.0030  
             |    0.0065      0.0958      0.0990      0.0016  
       2006  |    0.0088     -0.0354     -0.0302      0.0361  
             |    0.0088      0.0903      0.0936      0.0309  
       2007  |    0.0099     -0.2379     -0.2188      0.0286  
             |    0.0105      0.3756      0.3909      0.0138  
       2008  |    0.0594      0.6416      0.7570      0.0894  
             |    0.0142      0.4179      0.4351      0.0394  
       2009  |    0.0788      1.0433      1.1882      0.0985  
             |    0.0236      0.4819      0.5067      0.0430  
       2010  |    0.0785      1.3754      1.5441      0.1146  
             |    0.0168      0.5532      0.5840      0.0524  
       2011  |    0.1037      1.8590      2.0560      0.1501  
             |    0.0213      0.7314      0.7713      0.0719  
       2012  |    0.1333      2.7513      2.9763      0.1912  
             |    0.0267      1.0145      1.0669      0.0929  
       2013  |    0.1724      3.5568      3.8639      0.2666  
             |    0.0280      0.8905      0.9288      0.0971  
       2014  |    0.1961      4.4258      4.7694      0.2458  
             |    0.0339      1.0893      1.1342      0.0604  
       2015  |    0.2184      4.5681      4.9103      0.2642  
             |    0.0358      1.0456      1.0844      0.0574  
       2016  |    0.2930      5.8488      6.2313      0.2999  
             |    0.0306      0.9056      0.9394      0.0578  
       2017  |    0.3737      7.3773      7.8022      0.3362  
             |    0.0514      1.3807      1.4438      0.0629  
       2018  |    0.4231      8.6001      9.0354      0.3891  
             |    0.0468      1.2729      1.3237      0.0551  
       2019  |    0.5328      8.9269      9.3254      0.5003  
             |    0.0489      1.0852      1.1318      0.0579  
       2020  |    0.5786      7.3642      7.6495      0.5632  
             |    0.0423      0.8707      0.9158      0.0492  
       2021  |    0.6607      4.1725      4.2695      0.6784  
             |    0.0434      0.5741      0.6070      0.0368  
       2022  |    0.7041      0.7187      0.7284      0.7559  
             |    0.0440      0.4119      0.4410      0.0449  
             |
       _cons |    0.0002      0.0025      0.0028      0.0005  
             |    0.0098      0.2536      0.2662      0.0288  
-------------+------------------------------------------------
           N |   2741807     2741807     2741807     1006595  
        r2_w |    0.0625      0.0115      0.0117      0.0626  
--------------------------------------------------------------
                                                  Legend: b/se

. 
. log close
      name:  <unnamed>
       log:  C:/Users/Dell/Documents/学习wos数据使用/outputs/drop_central_music_s
> ensitivity.log
  log type:  text
 closed on:  31 May 2026, 13:28:39
---------------------------------------------------------------------------------
